0
[[2, [], 5, []], [4, 3, [6, 8, [8], 3, [9, 2, 10, 4, 10]]], [4, [[7], [9, 6], 10, 1, 8], [9, [], 0], 8]] v [[[[8, 10, 10, 5, 1], 8], [[6, 9, 9, 5], [2, 9]]], [1], [], [1, 1, 5, 1], [2]]
[2, [], 5, []] v [[[8, 10, 10, 5, 1], 8], [[6, 9, 9, 5], [2, 9]]]
[2] v [[8, 10, 10, 5, 1], 8]
[2] v [8, 10, 10, 5, 1]
recurse - Comparison.correct
recurse - Comparison.correct
recurse - Comparison.correct
Comparison.correct
1
[[], [[], [[5, 4]], 10], [1]] v [[[], 3, 1, [[4], 3, 0, [2, 2]]], [[[0, 3, 4]], [0, 2, [4, 10, 1, 5]]], [], [6, [], 9]]
[] v [[], 3, 1, [[4], 3, 0, [2, 2]]]
recurse - Comparison.correct
Comparison.correct
2
[[], [[3, 6, 0, [8]], 2], [[6, 1, [], []], 7, [[], 6, 8, [1, 4, 0, 9, 6]], [[1]]], [[[8, 6, 0, 3, 6], 10, 9], [2], 2, []]] v [[4], [1], [6, [[3], [3, 0, 10, 2, 4]], 10, []], [3], []]
[] v [4]
recurse - Comparison.correct
Comparison.correct
3
[[[[], 0, [2, 7]], [[1], [8, 7], 6], 0, [[4, 0, 5], 3], [[]]], [[4, 9], [[2, 4, 7, 3]], [[2, 9, 6, 8, 3], 9, [], 8, [2, 7, 5]], 1, 2], [4, 9], [6], []] v [[6, 8, 0, [[0, 1, 10], [7, 6, 10, 9], 4, [2, 0, 6, 8], []]], [1, 6, 1], [], [[[6, 10, 2, 2, 3], 0, [7, 1, 6]], 0], [[[], [2, 3, 6, 3], 5, [7, 8, 5, 10], 6], [[1, 9, 3], [], [4, 5, 8, 8, 3]], [[9, 2], 1], [9, 10, [7, 2, 2, 5], 10, 0], []]]
[[[], 0, [2, 7]], [[1], [8, 7], 6], 0, [[4, 0, 5], 3], [[]]] v [6, 8, 0, [[0, 1, 10], [7, 6, 10, 9], 4, [2, 0, 6, 8], []]]
[[], 0, [2, 7]] v [6]
[] v [6]
recurse - Comparison.correct
recurse - Comparison.correct
recurse - Comparison.correct
Comparison.correct
4
[[3, 10, [1, 4]], [9, 8, [], [[6, 10, 6], 4, [0, 3, 8, 5, 5], 7]]] v [[[], [], []]]
[3, 10, [1, 4]] v [[], [], []]
[3] v []
recurse - Comparison.incorrect
recurse - Comparison.incorrect
Comparison.incorrect
5
[[], [[1], 4, 1], [9, [[1, 1], [4, 3, 2]], [[9, 8]]], [[8, [8, 10, 0, 7], 9, 9], 2, [0], 0, []]] v [[[[5, 5, 2, 2, 5], [2], [10, 2, 8, 0]], [3], [7], 6, []], [[8, [], 8], [[4, 3, 6, 0, 9], 2, 9, 6, 2]], [[[10, 4, 1, 5, 6], [10], 10, 3, []], 6, 6], [[[]], [], 2]]
[] v [[[5, 5, 2, 2, 5], [2], [10, 2, 8, 0]], [3], [7], 6, []]
recurse - Comparison.correct
Comparison.correct
6
[[4], [9, 2, 9, []], []] v [[[0], [[10, 9, 5, 1], [], [5, 1, 10, 3, 0]], [0, [8, 4, 2, 6], [7, 8, 1, 5, 0], [0, 6, 4]]], [[[4, 5, 2, 10, 1], [3, 5], [9, 4]]], [], [[9, 1, 1, [10, 7, 4, 8, 10], 2], 7, [6, 0, [8, 10, 10], 2, 6], [[10, 2, 3], [9, 6, 6], 8]], [[], [3, 6, [9, 2]], [[10], [10, 4, 4], [], 6, [2, 8, 2]], [[], []]]]
[4] v [[0], [[10, 9, 5, 1], [], [5, 1, 10, 3, 0]], [0, [8, 4, 2, 6], [7, 8, 1, 5, 0], [0, 6, 4]]]
[4] v [0]
recurse - Comparison.incorrect
recurse - Comparison.incorrect
Comparison.incorrect
7
[[1], [10, [[7, 4], 6, [4, 1, 8], 5], [4, 6, [9, 10, 10]]]] v [[9, [0, 10, 1, 9], [[2, 9, 1, 6]], 6], [0, [9, [9, 10, 2], [6, 0, 5], 5]]]
[1] v [9, [0, 10, 1, 9], [[2, 9, 1, 6]], 6]
recurse - Comparison.correct
Comparison.correct
8
[[[2, 9, 1, [1]], 1, 0, []], [4, [8, 2, [3]], [6, [0], 0]]] v [[], [[10, 9, [8, 1, 9, 9, 1], 5, []], 9, []], [], [10]]
[[2, 9, 1, [1]], 1, 0, []] v []
recurse - Comparison.incorrect
Comparison.incorrect
9
[[[9, [], [6, 7, 3, 2, 0], [10, 7, 1, 7, 5]], [6, 6]], [10, 10, [[2, 1, 2], [10, 1, 3, 6], 1], [[9, 6]]], [1, [[3, 4], 1, [10, 8, 9, 6, 5], 8], 1], [3, 9, []], [[4, [2], 7, [10, 5]], [6, 7], [5, [2, 9, 10, 8, 1]], [[], 4]]] v [[10], [7, 5, 7], [], [[[8, 7, 5], [10, 2, 1], 9, 2]], []]
[[9, [], [6, 7, 3, 2, 0], [10, 7, 1, 7, 5]], [6, 6]] v [10]
[9, [], [6, 7, 3, 2, 0], [10, 7, 1, 7, 5]] v [10]
recurse - Comparison.correct
recurse - Comparison.correct
Comparison.correct
10
[[[6, 4, [7, 2, 8, 4, 5]], [[4], [10], [10, 7, 4, 3], [6, 0, 1, 0, 5]], 3], [8, 1, [8, []], [0]], [], [], [[[], 7], 10, 9, 2, [10, 5]]] v [[[[8, 0, 6, 5, 3], 10, [5, 9, 10], 8, 0], [], [[4, 8, 8]], 3], [[], 0, 1], [[[9, 9, 9, 0, 1], [9], [6]], [[2, 5, 5, 3, 9], 5, [0, 8, 9, 7], 0, [2, 0, 1, 3]], [], 7], [1, [2, [4, 6], 10], [10, 1, 7, 1, []], [4, [8, 3, 8, 5, 8], 0], 4]]
[[6, 4, [7, 2, 8, 4, 5]], [[4], [10], [10, 7, 4, 3], [6, 0, 1, 0, 5]], 3] v [[[8, 0, 6, 5, 3], 10, [5, 9, 10], 8, 0], [], [[4, 8, 8]], 3]
[6, 4, [7, 2, 8, 4, 5]] v [[8, 0, 6, 5, 3], 10, [5, 9, 10], 8, 0]
[6] v [8, 0, 6, 5, 3]
recurse - Comparison.correct
recurse - Comparison.correct
recurse - Comparison.correct
Comparison.correct
11
[[2, [3, 2, 4], [], 2]] v [[[], 1, [10, [8, 6, 6, 3, 7], [], [3, 0, 3, 1], [3, 7, 10, 1, 9]]], [[[4, 6], 9, 9], [9, []], 6], [[7, [6, 6, 4, 3, 3], 1, [9], [7, 10, 6, 9, 1]], [5, [9, 9, 8, 6, 4], [2, 8, 8, 4, 3], 6, 7]]]
[2, [3, 2, 4], [], 2] v [[], 1, [10, [8, 6, 6, 3, 7], [], [3, 0, 3, 1], [3, 7, 10, 1, 9]]]
[2] v []
recurse - Comparison.incorrect
recurse - Comparison.incorrect
Comparison.incorrect
12
[[8, 9, 4, [[6, 5, 8, 2], [6, 5, 5], [9, 10, 6], [2, 3, 0], 10], 4], [5, 7, 7], [[1], 0, 6, [5, 0, [0], 1], [[2], 5, [3], 5, [5]]], [[], 1, 4], [5, 0, [[], [0, 8], 7, [9, 10]], [[2], 8]]] v [[7, 4], [5, 1, 2, [[6]], [[4], 2, [], 3, []]]]
[8, 9, 4, [[6, 5, 8, 2], [6, 5, 5], [9, 10, 6], [2, 3, 0], 10], 4] v [7, 4]
recurse - Comparison.incorrect
Comparison.incorrect
13
[[], [9, [[4, 9], 9, 6, [0]], 4, [10, 0]], [[10], [0, 5, [10, 0, 3]], 10], [0, [[7, 3, 8, 1, 10], [10, 0, 5, 6, 10], 3], 8, 6, [[9], 1, 4, 2, [6]]], [[3, 10], [], 10, [], 10]] v [[4, 2, 5, []]]
[] v [4, 2, 5, []]
recurse - Comparison.correct
Comparison.correct
14
[[[[3, 4, 0], 8, [9], [3, 5, 10, 0], 4], [10, [4, 2, 3, 7, 7], [], 2], 9, 7, [[]]], [[6, 9, 10, [7, 6, 8, 6, 10], 7], 0, 3, 9]] v [[5, 10, [[0, 4, 3, 5]]], [], [[[]], [], 2, []], [], [4, [[2, 3, 3]]]]
[[[3, 4, 0], 8, [9], [3, 5, 10, 0], 4], [10, [4, 2, 3, 7, 7], [], 2], 9, 7, [[]]] v [5, 10, [[0, 4, 3, 5]]]
[[3, 4, 0], 8, [9], [3, 5, 10, 0], 4] v [5]
[3, 4, 0] v [5]
recurse - Comparison.correct
recurse - Comparison.correct
recurse - Comparison.correct
Comparison.correct
15
[[], [8, 10, 6, 0], [[], [0, [3], [10, 7, 9, 4, 2], [5, 2, 2], 10], [], 5], [1, 8, 9, 5, [3]], [4, [[], [2, 2, 7], [6, 1]], [[], [6, 7, 5]]]] v [[6], [6, 2, 1], [], [10, [3, 4, 1, 4, 10]]]
[] v [6]
recurse - Comparison.correct
Comparison.correct
16
[4, 9, 7, 8, 0] v [4, 9, 7, 8]
Comparison.incorrect
17
[[[3, 3], 4, 7, [1, 8, 6]], [3, [2, 0, 6], 1]] v [[2, 3, 4], [], [[]]]
[[3, 3], 4, 7, [1, 8, 6]] v [2, 3, 4]
[3, 3] v [2]
recurse - Comparison.incorrect
recurse - Comparison.incorrect
Comparison.incorrect
18
[[[], [9], 4], [[7, 6, [9, 2, 7, 3]], 6], [5]] v [[6, 1, 10, 8, [0, [8, 2, 1, 10, 5], [1, 9, 9, 10]]], [[[2, 7, 5, 5, 4], 6], [[10, 8, 2], [3], 9, 6, [3, 8, 9, 1]]], []]
[[], [9], 4] v [6, 1, 10, 8, [0, [8, 2, 1, 10, 5], [1, 9, 9, 10]]]
[] v [6]
recurse - Comparison.correct
recurse - Comparison.correct
Comparison.correct
19
[[], [1], [[], 10]] v [[[0, 1, 2], [], 9], [[], 0, 0, [[4, 6, 7], 10], 9], [[[], 8], [[6, 7]], 1, 4]]
[] v [[0, 1, 2], [], 9]
recurse - Comparison.correct
Comparison.correct
20
[[5, [], [9, [6, 9, 4], []], []], [[5, [5, 2, 4, 3, 0], [], 4]], []] v [[4, [[6], [], 6, 0, 9], 0], [[7, 9, [4], [1], 3], []], [2, [10, [9, 9, 8], 7, 9, [9, 10, 3, 9]]]]
[5, [], [9, [6, 9, 4], []], []] v [4, [[6], [], 6, 0, 9], 0]
recurse - Comparison.incorrect
Comparison.incorrect
21
[[], [], [[]]] v [[[[8, 9, 10], [4]], 4], [[1], [[], [8, 8, 2, 10, 10]], 1], [[9, [4], [3, 1], [7, 1, 3], [2]], 8, 7]]
[] v [[[8, 9, 10], [4]], 4]
recurse - Comparison.correct
Comparison.correct
22
[[8], [], [[], 3, 6, 8, []], [10, 6, 9, 9], [[[3, 8], 0, [6, 6, 7, 5], [10, 2, 0, 5, 3]], []]] v [[[1, [], [5, 6, 8], 7, [10, 0, 0, 4, 0]], 10, [[7, 6, 8, 2, 3], 10, 8, 10], 9, 5]]
[8] v [[1, [], [5, 6, 8], 7, [10, 0, 0, 4, 0]], 10, [[7, 6, 8, 2, 3], 10, 8, 10], 9, 5]
[8] v [1, [], [5, 6, 8], 7, [10, 0, 0, 4, 0]]
recurse - Comparison.incorrect
recurse - Comparison.incorrect
Comparison.incorrect
23
[[[[1, 7, 4, 1], [4, 4, 7], 7, 4, 2], 2, 1, 7, 5]] v [[[[]], [1], [[9, 1]], [[9, 9, 0, 5, 6], [0, 1], 7], 5], [[[6, 5, 10], [1, 7, 4, 1], []], [2, 8], [[], [7, 10, 10, 5]], [10]]]
[[[1, 7, 4, 1], [4, 4, 7], 7, 4, 2], 2, 1, 7, 5] v [[[]], [1], [[9, 1]], [[9, 9, 0, 5, 6], [0, 1], 7], 5]
[[1, 7, 4, 1], [4, 4, 7], 7, 4, 2] v [[]]
[1, 7, 4, 1] v []
recurse - Comparison.incorrect
recurse - Comparison.incorrect
recurse - Comparison.incorrect
Comparison.incorrect
24
[[0, [7, 10, 2]]] v [[8, 7]]
[0, [7, 10, 2]] v [8, 7]
recurse - Comparison.correct
Comparison.correct
25
[[0, [3, [8, 7, 0, 6]], 2], [[], 5, 2, 9], [[5, [1, 8, 2, 7], [7, 3], 8], [8], [[8, 4]], []]] v [[[[7, 0, 5, 7], [3, 3, 5, 4], 0, 3, [7, 8, 9]], [4, [10], 1, [3, 6, 7], 6], 0], [[7, 3, [4, 5, 7], 7], 3], [[0, [], [5, 9, 1, 9], 0], [[2, 9, 3], [3, 1], 8, 8], 2, [], 7], [9, [6, 5, [7, 7, 9, 4, 4], [2, 7], 7], [0, 0], [1, [3, 6, 10], 5, [], 10], []]]
[0, [3, [8, 7, 0, 6]], 2] v [[[7, 0, 5, 7], [3, 3, 5, 4], 0, 3, [7, 8, 9]], [4, [10], 1, [3, 6, 7], 6], 0]
[0] v [[7, 0, 5, 7], [3, 3, 5, 4], 0, 3, [7, 8, 9]]
[0] v [7, 0, 5, 7]
recurse - Comparison.correct
recurse - Comparison.correct
recurse - Comparison.correct
Comparison.correct
26
[[[8, [5, 7, 10, 0], 0]], [4, [[8]], [[2], [], 8, [9, 10], [8, 4, 5, 9, 0]], []]] v [[[0, 3], [6, []], [10], 10], [], [0, 8, [[6, 10], [0, 3, 3, 6, 7], 10, 1], [3, 3, 1]], []]
[[8, [5, 7, 10, 0], 0]] v [[0, 3], [6, []], [10], 10]
[8, [5, 7, 10, 0], 0] v [0, 3]
recurse - Comparison.incorrect
recurse - Comparison.incorrect
Comparison.incorrect
27
[[[6, 1, [], [7]]], [[3], 1, 10, 1, 6]] v [[[[6, 10, 7], 1, [8], [3, 9, 2, 4, 0], 8], 2, [[8, 1, 6, 9], [9, 10, 9, 7, 0], [1], [4, 10, 6]]], [[4, 6, [0, 2], 3, 10], []]]
[[6, 1, [], [7]]] v [[[6, 10, 7], 1, [8], [3, 9, 2, 4, 0], 8], 2, [[8, 1, 6, 9], [9, 10, 9, 7, 0], [1], [4, 10, 6]]]
[6, 1, [], [7]] v [[6, 10, 7], 1, [8], [3, 9, 2, 4, 0], 8]
[6] v [6, 10, 7]
recurse - Comparison.correct
recurse - Comparison.correct
recurse - Comparison.correct
Comparison.correct
28
[[], [], [8, [5, 0], 7, [], []]] v [[[[10, 8], [3], [9, 1]], [2, [9, 0, 9, 3, 5], 0, 6, 7]], [[6], 6, 9, [3, 10]], [0, 2], [9, 4, [10, 7]]]
[] v [[[10, 8], [3], [9, 1]], [2, [9, 0, 9, 3, 5], 0, 6, 7]]
recurse - Comparison.correct
Comparison.correct
29
[[[[2, 0, 8, 6]], [0, [3, 9, 10, 8, 9]]]] v [[7, 3, 2, [[3, 9, 4, 8]], [[8, 1, 1, 4, 9]]]]
[[[2, 0, 8, 6]], [0, [3, 9, 10, 8, 9]]] v [7, 3, 2, [[3, 9, 4, 8]], [[8, 1, 1, 4, 9]]]
[[2, 0, 8, 6]] v [7]
[2, 0, 8, 6] v [7]
recurse - Comparison.correct
recurse - Comparison.correct
recurse - Comparison.correct
Comparison.correct
30
[[5, [10], 3, [[9], []], 2]] v [[3, 8, [10, [1, 2], 6], [7, [4, 9, 8, 4]], 9], [4, 2]]
[5, [10], 3, [[9], []], 2] v [3, 8, [10, [1, 2], 6], [7, [4, 9, 8, 4]], 9]
recurse - Comparison.incorrect
Comparison.incorrect
31
[[[7, 9], 2], [10], [4, 10, 6, 9, [0, 5, [0], 3]], [[[8, 7]], [], 2, [[3, 3, 8, 4], [4, 4, 1, 2, 1]]], [1, [1, [9, 0, 5, 10, 8], 7, 4, [4, 8]]]] v [[7, 8, 2, 7, 9], [7, 1], [[[3], [7, 5, 5, 3, 4]], [[]], 6], [[1, 7, 7, 0, [7, 3, 4, 4, 6]], [], 9, [], 6], [2]]
[[7, 9], 2] v [7, 8, 2, 7, 9]
[7, 9] v [7]
recurse - Comparison.incorrect
recurse - Comparison.incorrect
Comparison.incorrect
32
[[], [], [9, [3, 6, 7, 8, 0]], [8]] v [[[6, [], 7, 2], [[9], 1, 6, [8, 9, 1]], [2, [0, 0, 0, 5], [10, 0, 1]], 10, 6], [3, 1, 3, [6, 0, 10, [1, 4, 7, 6]]]]
[] v [[6, [], 7, 2], [[9], 1, 6, [8, 9, 1]], [2, [0, 0, 0, 5], [10, 0, 1]], 10, 6]
recurse - Comparison.correct
Comparison.correct
33
[[], [[], [5, [2, 6, 3, 7], [5, 4, 5, 0, 5], [4, 3, 9, 0, 6], 5]], [], []] v [[6, 4, 1, [7, []]]]
[] v [6, 4, 1, [7, []]]
recurse - Comparison.correct
Comparison.correct
34
[[8, 1], [0, 9, [6, 10, [], 4, [5]]]] v [[[], 2, [], [[2, 6, 7, 3, 5], [8, 8, 2, 4, 5], 4, [6], 1]], [[[4], 8]]]
[8, 1] v [[], 2, [], [[2, 6, 7, 3, 5], [8, 8, 2, 4, 5], 4, [6], 1]]
[8] v []
recurse - Comparison.incorrect
recurse - Comparison.incorrect
Comparison.incorrect
35
[[], [1, 2, [[9, 3, 8], 1, [1]], 6, [[6, 3, 2], 5, 10]]] v [[1, [[6, 4, 0, 2], 0]], [[], 10, 8, [[9, 4], [6, 0, 0], [7, 10, 0, 5, 7], [1, 5, 5], []], 8], [8, 6, 4]]
[] v [1, [[6, 4, 0, 2], 0]]
recurse - Comparison.correct
Comparison.correct
36
[[0, [1, [2, 4, 0, 9], [8, 4, 5, 2], 6], [[], 4, [4, 3, 3, 4, 7], 9, 7], [], [2, 10]], [[0], [3, 3, 2], 6]] v [[], [3, [[9, 9, 4, 10], 8, 2, 2, 2], []], [[[7], 5, [2, 1, 10]], [7, 4, [8, 7, 2]], 8, 8, 0], [2]]
[0, [1, [2, 4, 0, 9], [8, 4, 5, 2], 6], [[], 4, [4, 3, 3, 4, 7], 9, 7], [], [2, 10]] v []
recurse - Comparison.incorrect
Comparison.incorrect
37
[[8, [[6, 5, 10], [8, 0, 0], 2], 5, 1], [[8, 1]], [[6, [8, 8, 7, 10, 7], 4, [6, 3]], 3, 8, [[8, 2, 0, 10, 8], [9, 9], [5, 2, 9, 9, 9], [5, 6], 5]]] v [[[3, [4], 1, 2, [0, 6, 10]], [8, 1], 8, [10]], [[], 2], [[8]], [8, [[9, 0, 10, 6, 0], 1, [0], 4, 5], [0, 6, 7, 7, 3]]]
[8, [[6, 5, 10], [8, 0, 0], 2], 5, 1] v [[3, [4], 1, 2, [0, 6, 10]], [8, 1], 8, [10]]
[8] v [3, [4], 1, 2, [0, 6, 10]]
recurse - Comparison.incorrect
recurse - Comparison.incorrect
Comparison.incorrect
38
[[1, 0, 1], [[2, 6, [9, 5, 8, 2], 1, [3, 1, 9, 4, 7]], 4, 6, [[1, 3, 5, 0, 2], [10, 4, 2, 6, 3], [2, 8, 9, 10, 10]], 2]] v [[1, 2, [[3, 1], [7, 4], 4, [4, 5], []]], [[], [1, 9, 0, 8], [[1, 9, 5, 2], [3]], [4], [[9, 0], [1, 10], [7, 7, 8, 7]]], [4, [[9, 6]]], [2, [0, [3, 6, 10], 4, [4, 3], 8], [[], [8, 0], [4, 1]], 1]]
[1, 0, 1] v [1, 2, [[3, 1], [7, 4], 4, [4, 5], []]]
recurse - Comparison.correct
Comparison.correct
39
[[], [[3], 8, 6, 5], [[[0], [3, 8, 1]], 5, [], 4]] v [[[[8, 6, 5, 3, 0]], 3, [8, [8], 2, 10, 6], 2], [[2], 10, 7, [[8, 4, 5], 8], 5], [8, 6, 2, [9, [8, 2]]], [[4, 0], 4, 6, 0]]
[] v [[[8, 6, 5, 3, 0]], 3, [8, [8], 2, 10, 6], 2]
recurse - Comparison.correct
Comparison.correct
40
[[[[5], [], [], []], [], 6], [], []] v [[], [[4], 2], [5, [], 0], [4, [10, 9, [4, 2, 9, 3]], 5, [1, 0, 8]], [[1, [], 2, [8, 0], 9], 2, [3, 9, [10]], []]]
[[[5], [], [], []], [], 6] v []
recurse - Comparison.incorrect
Comparison.incorrect
41
[[[7, 1, [5, 1, 4, 3, 5]], [5, 1, 8], [[10, 1]], [1, 9, 6, 0], [10]], [[], [6], []], [[], []]] v [[8, 3], [], [[[7, 3, 1, 5], [1, 4, 4]], 10, 10, 10, 1]]
[[7, 1, [5, 1, 4, 3, 5]], [5, 1, 8], [[10, 1]], [1, 9, 6, 0], [10]] v [8, 3]
[7, 1, [5, 1, 4, 3, 5]] v [8]
recurse - Comparison.correct
recurse - Comparison.correct
Comparison.correct
42
[[9], [9, [[2, 6, 3, 2], 10], [2, [2, 5, 4], 3, 7, 6], 7, 3], [[2, [6, 6, 8, 4, 2]], 9, 4, [8, 10, 9]]] v [[], [[6], 6], [[1, 5, 8, [5], [5, 1]], []]]
[9] v []
recurse - Comparison.incorrect
Comparison.incorrect
43
[[[], 10, [[4, 7], [], 3, 6], [[8, 3, 8], [1], 3, [9]]], [[[5], [], [5, 5, 5], [], 0], 1, [[0, 2, 10], 8, [], 9, 5], [], [9, 1, [6, 6, 6, 3, 5]]], [], []] v [[[]], [5, []], [], [[], [9, 0, [0, 5, 9, 4, 1], 0, [2, 10, 7]]], [[[], [0, 10, 3, 6], [6, 0, 7, 6, 1], [3, 2, 7, 0]], 7, [[9, 5], [2, 1, 5, 6], 9, 10], 6]]
[[], 10, [[4, 7], [], 3, 6], [[8, 3, 8], [1], 3, [9]]] v [[]]
[] v []
recurse - Comparison.undecided
recurse - Comparison.incorrect
Comparison.incorrect
44
[[[7, [], [8, 0, 2, 10]]], [], [], [3, 7, [[9, 8, 7, 9], [3, 0], [10]], 6]] v [[[3, [0], [4], 5, 4], 9, 7, 0, [[7, 2, 6, 0]]], [[], [], [10, [0, 1], [], [0, 0, 5, 0]], 5]]
[[7, [], [8, 0, 2, 10]]] v [[3, [0], [4], 5, 4], 9, 7, 0, [[7, 2, 6, 0]]]
[7, [], [8, 0, 2, 10]] v [3, [0], [4], 5, 4]
recurse - Comparison.incorrect
recurse - Comparison.incorrect
Comparison.incorrect
45
[[[5, [], [10, 6], 10, []], []], [10, 8, [1], 8, 8], [[]], [6, 0, 8, 7], [[[2, 9, 6], 9, 8, 4, [6, 8, 0, 9, 9]], [], 0, 10]] v [[[]], [8, [[1], 7], [], 2, 3], [[[9, 10], 3, 10, [4]], 9, [[]], 8, []], [10, [[4, 9, 9, 3], [9, 10]], [[10, 3, 5, 9], [1, 3, 5, 10], 4], 4], [[[5, 4], [2, 4, 6], [6, 10, 2, 7, 6], 4, [8]], [], [10, [8]]]]
[[5, [], [10, 6], 10, []], []] v [[]]
[5, [], [10, 6], 10, []] v []
recurse - Comparison.incorrect
recurse - Comparison.incorrect
Comparison.incorrect
46
[[3, [3, [5, 10, 10, 1, 2], [0], 0, 10], [9], 2], [], [[[4, 10, 0], [6, 8, 3, 10, 6]], [[5], [5, 8, 2], [0], 9, [3, 3, 2]], [10, [9], 5], []], [9, 4, [1, [], [0, 2, 5]], 4, 3], [8, [[], 3, [4, 1, 7], 6, []]]] v [[[[7, 8, 1, 10], 0, [0, 8, 2, 6, 7], 3, [8, 1, 5, 8]], [[]], 3], [[0, 1, [], 3], 3, 7, [[], [2, 1, 10], [7, 10, 1], [10, 2, 6], [5, 8]]]]
[3, [3, [5, 10, 10, 1, 2], [0], 0, 10], [9], 2] v [[[7, 8, 1, 10], 0, [0, 8, 2, 6, 7], 3, [8, 1, 5, 8]], [[]], 3]
[3] v [[7, 8, 1, 10], 0, [0, 8, 2, 6, 7], 3, [8, 1, 5, 8]]
[3] v [7, 8, 1, 10]
recurse - Comparison.correct
recurse - Comparison.correct
recurse - Comparison.correct
Comparison.correct
47
[[4], [[7, [6, 2, 4, 3, 1]], [[], 10, 5, 6, [1, 9, 5, 2]], [0]], [3, 5], [[[8, 7, 9, 1], 1, [0, 6, 5, 9], [4, 3, 4], 10]]] v [[7], [0], [[4, [6]], [3]]]
[4] v [7]
recurse - Comparison.correct
Comparison.correct
48
[[[], [], 9, 10]] v [[1, [10, [6, 3, 8, 3, 4], [9, 0, 1, 10], [5, 2], 1], [[8, 5], [3, 2], 0, [], 1], 1, 1]]
[[], [], 9, 10] v [1, [10, [6, 3, 8, 3, 4], [9, 0, 1, 10], [5, 2], 1], [[8, 5], [3, 2], 0, [], 1], 1, 1]
[] v [1]
recurse - Comparison.correct
recurse - Comparison.correct
Comparison.correct
49
[[5, 3, 6, 9], [[7, 9], 8, [[1, 8], 0, [1], 8, []], 10, 6], [1], [2, [[7, 2, 5], [2, 7]], [[], 10, [], [5, 10, 1], 10], [6, [1, 1], [7, 6, 10, 2, 1], 0], []], [[8, [0], 0], 5, 4, [], 1]] v [[[5, [0, 8, 0, 9, 0], [1, 8, 9], [1, 9]], [8, 4, [], [3, 10, 4], 3], 1, 9, []], [[1, 10, 2], 6], [5, 5, 10], [[1, [0, 5, 0], [2, 6, 1], 4, 7], [[1]], [10, [1, 0], 2, [], 4], [[8, 8, 7, 8], [2, 6]]]]
[5, 3, 6, 9] v [[5, [0, 8, 0, 9, 0], [1, 8, 9], [1, 9]], [8, 4, [], [3, 10, 4], 3], 1, 9, []]
[5] v [5, [0, 8, 0, 9, 0], [1, 8, 9], [1, 9]]
recurse - Comparison.correct
recurse - Comparison.correct
Comparison.correct
50
[[[[]], [1, [2, 5], 5, 5]], [], [8], []] v [[], [[[8, 4], 9, [4, 3]], 2, 10], [[4, [], [9, 6, 0, 10], []], 3, 9, 4, [6, [5, 3, 9]]], []]
[[[]], [1, [2, 5], 5, 5]] v []
recurse - Comparison.incorrect
Comparison.incorrect
51
[[[4, 8, [], 0, 5], [[4, 2, 9], 4, [7, 4, 0], 8, [0]]], [7, [[], 7, [10, 8, 9, 6, 7], [6, 2, 9, 2, 3], []], 2]] v [[[4, 5]], [3, [1], [1, 4, [5], 10]], [[[4, 1, 1, 6, 10], 8, [7, 7, 1]], 8, [[]], 9, 10], [[8, 10, 8, [9], 9]]]
[[4, 8, [], 0, 5], [[4, 2, 9], 4, [7, 4, 0], 8, [0]]] v [[4, 5]]
[4, 8, [], 0, 5] v [4, 5]
recurse - Comparison.incorrect
recurse - Comparison.incorrect
Comparison.incorrect
52
[[2, 2, 3, [0, 2]], [4]] v [[3, 5, 10, 6], [[[4, 5, 9, 6], 3, [4, 6, 8, 2], [1, 8, 3, 4, 9]], 2, 9, 7, [4, 5, [4, 4, 2, 2, 7]]], [0, [10]], [[[9, 9, 0, 0], [2]], [[10, 6, 5, 8, 8], 10, 2, [3, 9]]], [[5, [8, 6, 8], 8, [10, 6, 1]], 4, 9, [[10, 1, 0, 4, 2]]]]
[2, 2, 3, [0, 2]] v [3, 5, 10, 6]
recurse - Comparison.correct
Comparison.correct
53
[[9, [7, []], 5], [4, [[1, 5, 0, 7], 3, [10, 1, 8]], 9], [6, [], 7, 2, [[7, 7, 2]]], [[10], 9, 1, 7, [10, [1, 6, 6, 1, 5]]]] v [[10, 10], [[2, [5, 6, 2], [8], [1, 8]], 6, [[7, 10, 6, 2]], 7]]
[9, [7, []], 5] v [10, 10]
recurse - Comparison.correct
Comparison.correct
54
[[], [[[3, 8, 7, 6], [6, 2, 9, 7, 8], [8, 2]], [[5, 5]], [[5, 7, 6, 2, 1], [4, 9], [8, 4], [0, 0, 0, 7, 0]]], [2, 6, 7, [3, 0], 6], [[[5, 10, 3, 1, 9], [], [1, 6, 9, 5], [2, 6, 6, 10, 0], 10], 6, 10], [[0, 2, [1, 2], 5]]] v [[[], [[6, 9, 8]]], [6, [4], 7], [[[0, 0, 5], [8, 2, 9, 0, 5], 1, 8, 5]]]
[] v [[], [[6, 9, 8]]]
recurse - Comparison.correct
Comparison.correct
55
[[[[], []], [1, 2, [5]], 10, 3, 4], [[8, [9, 9]], 3, 4, [6, []]]] v [[[8], [[], 5, 10, [3, 3, 7, 9], [7, 0, 0, 8, 0]]]]
[[[], []], [1, 2, [5]], 10, 3, 4] v [[8], [[], 5, 10, [3, 3, 7, 9], [7, 0, 0, 8, 0]]]
[[], []] v [8]
[] v [8]
recurse - Comparison.correct
recurse - Comparison.correct
recurse - Comparison.correct
Comparison.correct
56
[[[[6, 8, 7], [2]]], [], [], []] v [[], [[[0], 2, 10, [9, 9, 7, 4, 3]], [[4], 10, [8, 6]], 0]]
[[[6, 8, 7], [2]]] v []
recurse - Comparison.incorrect
Comparison.incorrect
57
[[], [[[5, 8], [4, 7, 2, 5]]], [8, 7]] v [[7, [3, [4, 5], [3, 3, 0], 0, [9, 3, 1]], 3], [[[10, 8, 6], 4, [], [4, 5]], 7, [9]], [3, 8, 0, [[4, 7, 10, 9]]], [], [[[5, 4, 7, 2]]]]
[] v [7, [3, [4, 5], [3, 3, 0], 0, [9, 3, 1]], 3]
recurse - Comparison.correct
Comparison.correct
58
[[[1, 3, 8], [3, [3, 10, 10, 7, 10], [8, 9]], 4, [10, 2, [5, 8, 5, 3, 7], [], []]], [[9, 2, [2, 9, 7], [8, 4, 1], 1], [[0, 3, 7, 0], 9], [[], [3, 10, 4], 10, 5, [10, 1]], 4, 10], [], [[[5, 9], 8], 5, [3, [5, 2, 8, 1, 9], [0, 10]], [0, 2, 3, [1, 0, 10], [6, 3, 2, 9, 4]], []]] v [[[[3], 4, 2, [], [6, 7]], 1, [9, [1, 8], [8, 7, 5, 4, 3]]], [4, 1], [[], [[0, 8, 1, 9]], 9, [[6, 4, 4, 9, 6]]], [4]]
[[1, 3, 8], [3, [3, 10, 10, 7, 10], [8, 9]], 4, [10, 2, [5, 8, 5, 3, 7], [], []]] v [[[3], 4, 2, [], [6, 7]], 1, [9, [1, 8], [8, 7, 5, 4, 3]]]
[1, 3, 8] v [[3], 4, 2, [], [6, 7]]
[1] v [3]
recurse - Comparison.correct
recurse - Comparison.correct
recurse - Comparison.correct
Comparison.correct
59
[[[[], 4, [10], [10, 6], [9]], [[5, 7, 1], [6], [10], [6, 9, 1, 4, 10], [4, 2, 4, 5, 10]]], [[8, [4, 4]], [6, [10]], [], 4], [[8, 10, [10, 10, 3, 1], 10], 3, [4, [5, 8, 2, 2], 4, [4]], 3]] v [[5, [[8, 6, 7]], 2, 8, 1], [9, [[]], 6]]
[[[], 4, [10], [10, 6], [9]], [[5, 7, 1], [6], [10], [6, 9, 1, 4, 10], [4, 2, 4, 5, 10]]] v [5, [[8, 6, 7]], 2, 8, 1]
[[], 4, [10], [10, 6], [9]] v [5]
[] v [5]
recurse - Comparison.correct
recurse - Comparison.correct
recurse - Comparison.correct
Comparison.correct
60
[[[0, [6, 9, 5, 6], [5, 3, 8], 1], [7, 10, 7, [1, 4, 6, 5, 9], [1, 8]]], [[[8, 2], 9]], [[[3, 10, 9]], [[6, 4], 7, [2, 4, 9, 10]], 9, [8], 8], [0, [[6, 3, 4], [3, 7], [4, 6], [1, 6, 1, 6]], 8, 5, 10]] v [[[0, [], 8], [4, 10], 8, 7], [[]]]
[[0, [6, 9, 5, 6], [5, 3, 8], 1], [7, 10, 7, [1, 4, 6, 5, 9], [1, 8]]] v [[0, [], 8], [4, 10], 8, 7]
[0, [6, 9, 5, 6], [5, 3, 8], 1] v [0, [], 8]
[6, 9, 5, 6] v []
recurse - Comparison.incorrect
recurse - Comparison.incorrect
recurse - Comparison.incorrect
Comparison.incorrect
61
[[[], 1, 6, 2], [5, 10, [[7, 6], 9, 3, [9]], 6, 7]] v [[[7, 10], 5, 5, 8]]
[[], 1, 6, 2] v [[7, 10], 5, 5, 8]
[] v [7, 10]
recurse - Comparison.correct
recurse - Comparison.correct
Comparison.correct
62
[[1, 8, [[5], [10, 6, 9], [8, 7, 9, 1, 1]], 10, 8], [0, [[5, 4, 2, 6, 6], [8], []], [[]], 3]] v [[[[6], 6, 4, 4, [5, 10, 4]], 9, 9], [2, 0, 5, 3], [[[], [9, 7], [4, 10, 6], 5], [[0, 6, 1, 0], 0, 3, [9, 1, 0]], [9, 5, 6], 4, [[10, 7], 3]], [4, [2, [10], [0, 10], 8, 6], [5, [8, 6]]]]
[1, 8, [[5], [10, 6, 9], [8, 7, 9, 1, 1]], 10, 8] v [[[6], 6, 4, 4, [5, 10, 4]], 9, 9]
[1] v [[6], 6, 4, 4, [5, 10, 4]]
[1] v [6]
recurse - Comparison.correct
recurse - Comparison.correct
recurse - Comparison.correct
Comparison.correct
63
[[], []] v [[], [[[4, 2, 3], 5, [2, 7, 8], 5]]]
[] v []
recurse - Comparison.undecided
[] v [[[4, 2, 3], 5, [2, 7, 8], 5]]
recurse - Comparison.correct
Comparison.correct
64
[[[[10], 8], [[0], [3, 4, 4]]], [[], [1, [1, 0, 2]], [[2, 10]], 2], [6, 3, [[], [9, 4], [6, 4, 0]], [8, 9]], [[], []], [[], [7]]] v [[[1, 6, [9, 1]]], [], [[0, 8, [9, 1, 6, 5, 3], [3, 6, 4, 7, 4], [1, 6, 2]], 2, [[1, 8, 7, 6], 9, [6, 0]], [9, 3, [3, 9, 3, 2], 5, 10], 4]]
[[[10], 8], [[0], [3, 4, 4]]] v [[1, 6, [9, 1]]]
[[10], 8] v [1, 6, [9, 1]]
[10] v [1]
recurse - Comparison.incorrect
recurse - Comparison.incorrect
recurse - Comparison.incorrect
Comparison.incorrect
65
[[1, [[4, 1, 4, 8, 2], [0], [3, 4, 0]]], [[[7, 3, 10], 0, [10, 2, 9, 7, 8]], 3, 8, [], 4]] v [[[[9, 0], 6, [8, 5], 10, [4]]], [10, [[9], [5], 4, 0]], [6, [], [[], 8, [6]], 7], [[[7, 6], [9, 3], []], [6, [7, 5]], [[2, 5], 0], 7], [[[5, 2, 4, 2]]]]
[1, [[4, 1, 4, 8, 2], [0], [3, 4, 0]]] v [[[9, 0], 6, [8, 5], 10, [4]]]
[1] v [[9, 0], 6, [8, 5], 10, [4]]
[1] v [9, 0]
recurse - Comparison.correct
recurse - Comparison.correct
recurse - Comparison.correct
Comparison.correct
66
[[2, 7, 3, [[9, 10, 5, 8], 7]], [[0, 8, 4], [1, [0, 6, 3, 6, 0]], [[7, 1], []]], [[2, [7, 0, 6, 6], 9, 0, 2], [[4, 0, 1, 7]], [], 0, [[5, 3, 4], [9, 2]]]] v [[6, [[1, 7, 2], [4, 10, 7, 0, 5], 9, [6, 3, 5, 0, 4], 2]], [7]]
[2, 7, 3, [[9, 10, 5, 8], 7]] v [6, [[1, 7, 2], [4, 10, 7, 0, 5], 9, [6, 3, 5, 0, 4], 2]]
recurse - Comparison.correct
Comparison.correct
67
[[[[9, 4, 5, 1], 10, 9], 3, [9, 6, [8, 6], [8], 10]], [[8, 1, 3], 4], [[3], [[9, 1, 10, 6, 10], [3], 9]]] v [[], [], [2, 1, 1], [[[0]]], [1]]
[[[9, 4, 5, 1], 10, 9], 3, [9, 6, [8, 6], [8], 10]] v []
recurse - Comparison.incorrect
Comparison.incorrect
68
[[[[7, 10], [0, 2], 3, [4, 4, 5]], 2, [[5, 6, 2]]]] v [[1, [9, 9, 0, 0], 3, 7, 10], [6, [9], 7, 4, 10]]
[[[7, 10], [0, 2], 3, [4, 4, 5]], 2, [[5, 6, 2]]] v [1, [9, 9, 0, 0], 3, 7, 10]
[[7, 10], [0, 2], 3, [4, 4, 5]] v [1]
[7, 10] v [1]
recurse - Comparison.incorrect
recurse - Comparison.incorrect
recurse - Comparison.incorrect
Comparison.incorrect
69
[[10, [[4, 3, 9, 2, 9], [7, 9]], [5]], [], [], [1], [5, [[7, 3, 3, 2, 3], 4, 1], [[4, 3, 10, 2, 8], 0, 0]]] v [[[9, 0], [[6, 2, 7, 3, 8], [1, 8], 6], [[10, 8, 7, 2], 10, 4, [4, 9, 9, 8], [6, 3, 2, 1, 8]], 10, 2]]
[10, [[4, 3, 9, 2, 9], [7, 9]], [5]] v [[9, 0], [[6, 2, 7, 3, 8], [1, 8], 6], [[10, 8, 7, 2], 10, 4, [4, 9, 9, 8], [6, 3, 2, 1, 8]], 10, 2]
[10] v [9, 0]
recurse - Comparison.incorrect
recurse - Comparison.incorrect
Comparison.incorrect
70
[[[], 2, [0, [6, 10, 2, 7]], [9, [8, 3], [10, 0, 1], 6, [0, 9, 0, 1]]]] v [[], [], [0, []], [[], 8], [1, [8, 2, 1, 8, [6, 8, 3, 6, 2]], [[3, 3, 2]]]]
[[], 2, [0, [6, 10, 2, 7]], [9, [8, 3], [10, 0, 1], 6, [0, 9, 0, 1]]] v []
recurse - Comparison.incorrect
Comparison.incorrect
71
[[[[], [8, 7]], 1, [10, 6, [1, 6, 6], [6], 4], [[6, 4, 9], 8], [[], 7]], [3], [[2, 8, [3, 2, 2], [10, 10, 9, 6, 5]], 3]] v [[[0, [2, 0, 7], 10, 4]], [3]]
[[[], [8, 7]], 1, [10, 6, [1, 6, 6], [6], 4], [[6, 4, 9], 8], [[], 7]] v [[0, [2, 0, 7], 10, 4]]
[[], [8, 7]] v [0, [2, 0, 7], 10, 4]
[] v [0]
recurse - Comparison.correct
recurse - Comparison.correct
recurse - Comparison.correct
Comparison.correct
72
[[10, [10, 2, [8, 4, 10, 5]], 8, 7], [[6, 10, 7, [2, 9, 4, 5, 8], [8, 5, 6, 8]], 2, [], [9, 7, [9, 5, 5], [4]]], [], [[[], [1, 1], [0, 5], [9, 3, 6], 1], 8, [5], []]] v [[1, 4, 10, [[9], [], 1]], [[7, [], [], 0, 4], 2, 10], [[[10, 10, 7], [2, 4, 8, 9, 1]], [[], 8, 2, [7, 1, 3], [10, 2]], 1], [10, [[9, 3], [10, 3], [7], 5]]]
[10, [10, 2, [8, 4, 10, 5]], 8, 7] v [1, 4, 10, [[9], [], 1]]
recurse - Comparison.incorrect
Comparison.incorrect
73
[[[[], [8, 5, 8, 7, 0], 7, 6], [], [[2, 1, 2, 1], 7, 2, 8], [[10], 7, 10, 10]], [[4]], [[[10], []], [[9, 1, 3, 6], 3, 2, [5, 0, 4, 2, 7]], [5, 7, [8, 3, 8, 4, 2], [2, 4, 3, 1], [2]], [[1, 7, 0], 3, [], 10, 6]], []] v [[[[6, 2, 4, 3, 3], [], [7, 7, 6, 1, 5], [1, 2, 7, 1], [4, 2, 2, 4, 5]]], [], [[]], [1, [2], 1, [2, 5]], [[0, [7, 1, 7, 3, 8]], [[1, 4, 7, 1], [0, 5], [5, 6]], 8]]
[[[], [8, 5, 8, 7, 0], 7, 6], [], [[2, 1, 2, 1], 7, 2, 8], [[10], 7, 10, 10]] v [[[6, 2, 4, 3, 3], [], [7, 7, 6, 1, 5], [1, 2, 7, 1], [4, 2, 2, 4, 5]]]
[[], [8, 5, 8, 7, 0], 7, 6] v [[6, 2, 4, 3, 3], [], [7, 7, 6, 1, 5], [1, 2, 7, 1], [4, 2, 2, 4, 5]]
[] v [6, 2, 4, 3, 3]
recurse - Comparison.correct
recurse - Comparison.correct
recurse - Comparison.correct
Comparison.correct
74
[[], [2], [9]] v [[7, [[5, 2, 2], 7, 9, [3, 9, 0]], [], [[], 5]]]
[] v [7, [[5, 2, 2], 7, 9, [3, 9, 0]], [], [[], 5]]
recurse - Comparison.correct
Comparison.correct
75
[[], [[]], [], [[10]]] v [[[4, [1, 9, 5, 0]]], [[7, [8, 9, 8, 3, 5]], 6, []], [0, [5], [10, 1, [], 7], 1]]
[] v [[4, [1, 9, 5, 0]]]
recurse - Comparison.correct
Comparison.correct
76
[[[], [2]], [[3, 5, 9, 3], 1, [0]], [8, [[], 3, 0, 5]], [], [[], [[10, 1, 1], [6, 9]], 4]] v [[[6, 3, []]]]
[[], [2]] v [[6, 3, []]]
[] v [6, 3, []]
recurse - Comparison.correct
recurse - Comparison.correct
Comparison.correct
77
[[[1]], [10], [8, [], 2, [9, [5, 5], [9, 7, 0, 1, 0], [8, 4, 9, 6], 0]], [[1, 1, [5, 6, 6, 4, 5]]], [5, 0]] v [[], [[[8, 0, 4, 1], 6, [9]], 9, [10, 6, [0]], [4, [9, 10, 6, 10, 6], [6]]], [4], [[[9], 5], 2, 7]]
[[1]] v []
recurse - Comparison.incorrect
Comparison.incorrect
78
[[[1, 1, [6, 4, 3], 3], [1, [1, 3, 8], 2, 6, 5]], [7], [[], 4, 3, 10]] v [[[3, [7, 8, 3, 0, 5], [5, 3, 5, 7, 3]]], [[10, 9, 7], 8, [8]], [1, 4, [6, 9, 7, [3, 4, 8, 3, 6]]], []]
[[1, 1, [6, 4, 3], 3], [1, [1, 3, 8], 2, 6, 5]] v [[3, [7, 8, 3, 0, 5], [5, 3, 5, 7, 3]]]
[1, 1, [6, 4, 3], 3] v [3, [7, 8, 3, 0, 5], [5, 3, 5, 7, 3]]
recurse - Comparison.correct
recurse - Comparison.correct
Comparison.correct
79
[[5, 3, [[5, 8], [], 5, 1, [2, 8, 10, 0]], 5], [10, 8, 1, 9, [[6], [], [8]]], [], []] v [[5, [[], [0, 9, 10], 0], []]]
[5, 3, [[5, 8], [], 5, 1, [2, 8, 10, 0]], 5] v [5, [[], [0, 9, 10], 0], []]
[3] v [[], [0, 9, 10], 0]
[3] v []
recurse - Comparison.incorrect
recurse - Comparison.incorrect
recurse - Comparison.incorrect
Comparison.incorrect
80
[[4, [9, [], 1, 5, 10], [[10], 7], [8]], []] v [[[[6, 10, 10], 7, [0, 3, 7, 10, 0], 9, 1], 3, 10, 3, 8], [[9, [0], 0, [4, 5, 9, 3]]]]
[4, [9, [], 1, 5, 10], [[10], 7], [8]] v [[[6, 10, 10], 7, [0, 3, 7, 10, 0], 9, 1], 3, 10, 3, 8]
[4] v [[6, 10, 10], 7, [0, 3, 7, 10, 0], 9, 1]
[4] v [6, 10, 10]
recurse - Comparison.correct
recurse - Comparison.correct
recurse - Comparison.correct
Comparison.correct
81
[[[[3]], [], 5]] v [[[2], [0]], [1], [[5, [3, 10, 8, 2], [9, 3, 6, 9], []], 0, 6, [], [[7, 3, 4, 2], [6, 8, 5, 8, 1], [], 6, [0, 3, 6, 7, 2]]], [], []]
[[[3]], [], 5] v [[2], [0]]
[[3]] v [2]
[3] v [2]
recurse - Comparison.incorrect
recurse - Comparison.incorrect
recurse - Comparison.incorrect
Comparison.incorrect
82
[[9, 4], [[[8], 1, []], 10, 5], [[[2, 7, 0, 7], 1, 8, [7, 9, 3, 5], 7], 4]] v [[[]]]
[9, 4] v [[]]
[9] v []
recurse - Comparison.incorrect
recurse - Comparison.incorrect
Comparison.incorrect
83
[] v [[]]
Comparison.correct
84
[[[1, [8, 0], 8], 2, []], [0, [], 9]] v [[4, [[2, 2, 0, 10, 6]], [[1], [0, 10, 0, 7, 7], 7], [[6, 8, 1, 8, 4]]], [6], [[]], [[[0, 1, 10], 5, 0, 7, [5, 0]], 2, 10, 0], [4, 1]]
[[1, [8, 0], 8], 2, []] v [4, [[2, 2, 0, 10, 6]], [[1], [0, 10, 0, 7, 7], 7], [[6, 8, 1, 8, 4]]]
[1, [8, 0], 8] v [4]
recurse - Comparison.correct
recurse - Comparison.correct
Comparison.correct
85
[[[8], [2, [6, 5, 1]], 1, [[3, 0, 8], 7]], [[7, [1, 3, 3], [], 7, 0], [0, [1], 10, 1, 5], [10, [7], [6, 3], 5, 0], [[3, 9, 6, 1, 8], 5, 9, [3, 3, 10]], [7, [1, 9, 3, 5, 8], 0, 5]], [5, 10, 2, [7, [2, 4, 8, 4], 6], [[3, 8, 5, 7, 1], [9, 8], [2, 6, 9, 4], 7, 10]], [[[5], [4, 1]]], [5]] v [[[[8]], 5, 7]]
[[8], [2, [6, 5, 1]], 1, [[3, 0, 8], 7]] v [[[8]], 5, 7]
[8] v [[8]]
[8] v [8]
recurse - Comparison.correct
recurse - Comparison.correct
recurse - Comparison.correct
Comparison.correct
86
[[], [10, 4, [], 1, 6]] v [[4, 5, [], 0, [9, 6, 5, 6, 7]], [8, [[], 3, [1, 6, 10, 6, 0], 9, [10, 7]], [9, 0, 1], [0], [9, 7]], [], [[[7, 6, 4, 0, 9], 0], 5]]
[] v [4, 5, [], 0, [9, 6, 5, 6, 7]]
recurse - Comparison.correct
Comparison.correct
87
[[[[9, 2, 9, 0], 4, [6, 8, 6], 8, 1], [10, [6, 2, 10], 0, [4, 7]], 5, [[5, 6, 3], 3, 6, 3, 10], [1]]] v [[[[5, 6, 3, 5, 10]], 3, [9, [0, 9, 4, 8, 7], [8], [1, 4, 0], []], 5], [[1, 6], 10, [[9, 10, 8], 8, [9, 9, 2, 10, 8], [3], [1, 8, 9, 10]], 9], [[9, 9, 10, [5, 4, 5, 8], [4]], 3, 6, 0, 9], [[], [6, 1], 5, [[5], 4, 0, 2]]]
[[[9, 2, 9, 0], 4, [6, 8, 6], 8, 1], [10, [6, 2, 10], 0, [4, 7]], 5, [[5, 6, 3], 3, 6, 3, 10], [1]] v [[[5, 6, 3, 5, 10]], 3, [9, [0, 9, 4, 8, 7], [8], [1, 4, 0], []], 5]
[[9, 2, 9, 0], 4, [6, 8, 6], 8, 1] v [[5, 6, 3, 5, 10]]
[9, 2, 9, 0] v [5, 6, 3, 5, 10]
recurse - Comparison.incorrect
recurse - Comparison.incorrect
recurse - Comparison.incorrect
Comparison.incorrect
88
[[8, 1, 2], [[[1, 1, 4]], [[4, 6, 8], [7, 5], [], 2], 6, 8]] v [[[[1], 6, []]], [6], [[5, [9, 7], [10], 1, 0], 9, [], [[], [8, 9, 9, 0, 5], 9, 7]], [[5, [9, 4, 8], 6, 0], [8, [], [4, 0, 7, 8, 5], [2], [10, 10]], [[], [5], [0, 9, 4, 8, 7], [1, 1, 10], 8], 3]]
[8, 1, 2] v [[[1], 6, []]]
[8] v [[1], 6, []]
[8] v [1]
recurse - Comparison.incorrect
recurse - Comparison.incorrect
recurse - Comparison.incorrect
Comparison.incorrect
89
[[], [6, 6, 7, 9, 2]] v [[0], [7, 8], [9, [5, [10, 6, 10, 7, 4], 9, [], [1]], [1], [[3], 7, 8, 8], 7], [[9], 1, [0, 0, [4, 0]], [9, 7, [], 6], 0], [7, [5], [5], 3, [4, 2]]]
[] v [0]
recurse - Comparison.correct
Comparison.correct
90
[[[[6, 1, 3], 5], 3, 3, [[0, 0, 1], [0, 9, 9, 7], []]], [], [[], [[5, 9, 0], 7], 1, 1], [10, 1, [], 5], [[[5], 3], 0, [9, [6], 5], [9], 9]] v [[7], []]
[[[6, 1, 3], 5], 3, 3, [[0, 0, 1], [0, 9, 9, 7], []]] v [7]
[[6, 1, 3], 5] v [7]
[6, 1, 3] v [7]
recurse - Comparison.correct
recurse - Comparison.correct
recurse - Comparison.correct
Comparison.correct
91
[[10, [], 6, 5], [3, 1], [10, [[10], 4, [2, 3, 6]]], [5], [[[4, 0]], [7, 3, [10, 2, 10], [9, 7, 0]]]] v [[[[7]]]]
[10, [], 6, 5] v [[[7]]]
[10] v [[7]]
[10] v [7]
recurse - Comparison.incorrect
recurse - Comparison.incorrect
recurse - Comparison.incorrect
Comparison.incorrect
92
[[], [[2]]] v [[[[5, 4, 9, 4], 5, 2, [], [9, 6, 8]], [], 3], [[], [[6, 7, 8, 3, 3], 4, [9, 2], 7], 8]]
[] v [[[5, 4, 9, 4], 5, 2, [], [9, 6, 8]], [], 3]
recurse - Comparison.correct
Comparison.correct
93
[[[2, 4], [[3, 2], 3]]] v [[[[1, 5, 1, 9], [4, 6, 5, 7], [9], [5, 0, 9, 9], 1], [[4, 8, 9, 3], 8, [5], 8], 0, 6, [[5], 0, 8, [3, 10, 6], 5]], [[8], 5], [[5], 7]]
[[2, 4], [[3, 2], 3]] v [[[1, 5, 1, 9], [4, 6, 5, 7], [9], [5, 0, 9, 9], 1], [[4, 8, 9, 3], 8, [5], 8], 0, 6, [[5], 0, 8, [3, 10, 6], 5]]
[2, 4] v [[1, 5, 1, 9], [4, 6, 5, 7], [9], [5, 0, 9, 9], 1]
[2] v [1, 5, 1, 9]
recurse - Comparison.incorrect
recurse - Comparison.incorrect
recurse - Comparison.incorrect
Comparison.incorrect
94
[[4, [[2, 8]], [3, [8], 10], 9], [[[], [9, 6], [1], 6, 10], [[2, 2], 9, [], 3], [[0, 10, 0], 6, [2, 0, 9]], 3], [[[3, 6, 7, 0], [4, 7, 6, 0], 5], [5, [8, 4, 8, 5], [7, 3, 0]], 9, 0], [10, 3, [4]]] v [[[], 6, [[0, 8, 4, 3, 4], [8, 7, 0], 0, [2], [2, 5, 0, 5]], [0, [4, 8, 3, 3], 7, [8, 6], []]], [], [7, 7, [[8], 0, 5], [8], 10], []]
[4, [[2, 8]], [3, [8], 10], 9] v [[], 6, [[0, 8, 4, 3, 4], [8, 7, 0], 0, [2], [2, 5, 0, 5]], [0, [4, 8, 3, 3], 7, [8, 6], []]]
[4] v []
recurse - Comparison.incorrect
recurse - Comparison.incorrect
Comparison.incorrect
95
[[1, 6, 8, [[1, 8, 10], 4, [4, 1], [9, 9, 0], 7], []]] v [[5, [], [3, [3, 8, 7, 1, 9], 7, 2, 5]], [[[7], [4, 1, 9]], [0], 0, 9], [], [4]]
[1, 6, 8, [[1, 8, 10], 4, [4, 1], [9, 9, 0], 7], []] v [5, [], [3, [3, 8, 7, 1, 9], 7, 2, 5]]
recurse - Comparison.correct
Comparison.correct
96
[[8]] v [[1]]
[8] v [1]
recurse - Comparison.incorrect
Comparison.incorrect
97
[[2, 1, [7, [4]], [[10, 3, 7, 7, 5]], 9]] v [[[[0, 3], 5, [5, 3], [], 4], [[4], 5, 4, []], [4, 5, [1, 5, 10, 9]], [[], []], 3], [6, 8, [[1, 10, 3, 2, 4], []], [[6, 0, 4, 0, 9], 8, [4], 3]], []]
[2, 1, [7, [4]], [[10, 3, 7, 7, 5]], 9] v [[[0, 3], 5, [5, 3], [], 4], [[4], 5, 4, []], [4, 5, [1, 5, 10, 9]], [[], []], 3]
[2] v [[0, 3], 5, [5, 3], [], 4]
[2] v [0, 3]
recurse - Comparison.incorrect
recurse - Comparison.incorrect
recurse - Comparison.incorrect
Comparison.incorrect
98
[[1], [9, 9, 5, 4], [6, 7, []], [[[7, 6, 10, 6], [7]], 2, [9, [1, 5, 4, 9], [], 8, 3], []]] v [[[]], [3, 2, 7, 8, [5, 0, [9, 8, 6, 8], 9, [3, 0]]], [[[6, 1, 1], [], 8, 10]]]
[1] v [[]]
[1] v []
recurse - Comparison.incorrect
recurse - Comparison.incorrect
Comparison.incorrect
99
[[[6, 8], [8, [], 2]], [[1], 6, []], [3], [[[10, 9, 6, 1, 5]], []]] v [[3, 2, 2, [4, 5, [4, 2, 8, 0, 6]], 8], [9, [0, [], 8, 5], 6]]
[[6, 8], [8, [], 2]] v [3, 2, 2, [4, 5, [4, 2, 8, 0, 6]], 8]
[6, 8] v [3]
recurse - Comparison.incorrect
recurse - Comparison.incorrect
Comparison.incorrect
100
[10, 6, 10, 3] v [10, 6, 10, 3, 6]
Comparison.correct
101
[[10, [[0, 4, 9, 10]], [0, 5, 4, 3, [8, 10, 7, 6]], 10], []] v [[[], 0], [[[4, 6, 0, 7]], 4]]
[10, [[0, 4, 9, 10]], [0, 5, 4, 3, [8, 10, 7, 6]], 10] v [[], 0]
[10] v []
recurse - Comparison.incorrect
recurse - Comparison.incorrect
Comparison.incorrect
102
[[[2]], [10]] v [[[[], [9, 0], 4, [10, 6, 0, 1], [8, 2, 1]]], [[6], [[1, 8, 3], 3, 0, [8, 2, 3]], 2, [[7, 9, 1]]], [10, 5], [[[], [3, 6, 10, 6, 4], [5, 3, 9, 6, 4], 4, 6], [10, [4, 10], 6, []], [[5]]], [[7], 3, 10, [[9, 8, 4], 9, [4, 5, 3, 5], [2, 2, 2, 5]]]]
[[2]] v [[[], [9, 0], 4, [10, 6, 0, 1], [8, 2, 1]]]
[2] v [[], [9, 0], 4, [10, 6, 0, 1], [8, 2, 1]]
[2] v []
recurse - Comparison.incorrect
recurse - Comparison.incorrect
recurse - Comparison.incorrect
Comparison.incorrect
103
[[[7], 9, 7], [0, 9, [4, 4, 7], [[7], 5], 5]] v [[[[3, 4, 4, 5, 1], [10, 3]], 8, 3, [6, 5, [1], [8, 7, 1, 9, 1]], 9], [[0, [8, 1, 10, 4, 5], [1, 5, 3, 0], [4, 6, 3, 9, 3]], 3, 2, [[5, 4, 2, 6, 8], [9, 1], [7, 9, 6, 5, 4], [1, 2], 0]], []]
[[7], 9, 7] v [[[3, 4, 4, 5, 1], [10, 3]], 8, 3, [6, 5, [1], [8, 7, 1, 9, 1]], 9]
[7] v [[3, 4, 4, 5, 1], [10, 3]]
[7] v [3, 4, 4, 5, 1]
recurse - Comparison.incorrect
recurse - Comparison.incorrect
recurse - Comparison.incorrect
Comparison.incorrect
104
[[8, [[4, 10, 3], 3, 2, 1, 1], 1, [9], [[3, 6], 1]], [0, [4, [10, 0, 0, 0], [2, 9, 9, 5, 0], 10, 6]], [[10, [9], 6], 6, [10, [7], 1]]] v [[[8], 4, 10, 6, 9], [[[]], [9], [[7, 1, 1, 4, 10]], 9], [0, 5, 0, 0, [7, 8]], [6, [6, [3, 4]], 6, 9]]
[8, [[4, 10, 3], 3, 2, 1, 1], 1, [9], [[3, 6], 1]] v [[8], 4, 10, 6, 9]
[8] v [8]
recurse - Comparison.correct
recurse - Comparison.correct
Comparison.correct
105
[[[3, [5, 1, 0], 10, 3, [6]], [[], [1, 1, 3, 7], [0, 8], [9, 3, 2, 5]], 4], [1]] v [[], [8, 8, 4, [1, 10, 8]], [[[], 5, [8, 4, 1, 5, 3]], [[0, 5, 8, 0], 5], [[], 8, 6], [[7, 7, 0], [], [6, 10]], 6]]
[[3, [5, 1, 0], 10, 3, [6]], [[], [1, 1, 3, 7], [0, 8], [9, 3, 2, 5]], 4] v []
recurse - Comparison.incorrect
Comparison.incorrect
106
[[[[3, 0, 5, 8, 9], [], [5, 4, 1, 5]], [[3, 10], 10, [], [7, 2, 4, 9]], 9, [[1, 5, 9, 8]], 10], [[[0], [3, 10, 3], 1, 2, 3], 0, 1, [1, [], [0], [5, 3, 4]]]] v [[[[], [3, 3], 10, [2, 6, 4, 0, 4]]], [8, [8, 6, 10, [0]], [], 3], [], [], [6, 0, 5, 1]]
[[[3, 0, 5, 8, 9], [], [5, 4, 1, 5]], [[3, 10], 10, [], [7, 2, 4, 9]], 9, [[1, 5, 9, 8]], 10] v [[[], [3, 3], 10, [2, 6, 4, 0, 4]]]
[[3, 0, 5, 8, 9], [], [5, 4, 1, 5]] v [[], [3, 3], 10, [2, 6, 4, 0, 4]]
[3, 0, 5, 8, 9] v []
recurse - Comparison.incorrect
recurse - Comparison.incorrect
recurse - Comparison.incorrect
Comparison.incorrect
107
[[[5, [6], [3, 0]], 0, 9, 5], [], [[[], 8], [], 6, 4, []]] v [[[], 7, 5, 4, [[2], [6], [6, 2], 10]], [6, [[1], 1, 10, []], 0, [[10, 10], 5, [5, 3], [3]]]]
[[5, [6], [3, 0]], 0, 9, 5] v [[], 7, 5, 4, [[2], [6], [6, 2], 10]]
[5, [6], [3, 0]] v []
recurse - Comparison.incorrect
recurse - Comparison.incorrect
Comparison.incorrect
108
[[[9, [2, 1, 7, 1, 4], 6, [0, 4, 9, 9]], [[10, 5]], [[5, 9]], 9], [[4, 8, 0], 4, 7, 4], [2, 0, [0, [5, 7, 0, 0, 0], [], [6, 7, 4, 7], 6], 4]] v [[], [[[9], 1, [6, 4], [6, 9]], [[10], 2, [3, 7, 6, 8]], [], 2, 7], [[8, [0, 7, 6, 5, 9], 9, [], 4], 5, 4]]
[[9, [2, 1, 7, 1, 4], 6, [0, 4, 9, 9]], [[10, 5]], [[5, 9]], 9] v []
recurse - Comparison.incorrect
Comparison.incorrect
109
[[10, [0, 9], 3, 1, 7], [7, 5, [3, [4, 6, 2, 7], 2, [0, 1, 3, 2], 7], 8]] v [[], [[], [], 9, 4], [1, [5, 7, [7, 1, 1, 8, 1], [], 3], 4, [10, [10, 7, 2], 5, 0], 0]]
[10, [0, 9], 3, 1, 7] v []
recurse - Comparison.incorrect
Comparison.incorrect
110
[[[], 9, [[], [5, 1, 7], [6, 2, 10], 3], 5], [7, [[], 8, 8, 5], 10, 8], [], [10, [[3]], 9, 0, 9], []] v [[], [3, [[9, 7, 5, 1, 1], 9], [5, 10, [8, 4, 1, 3], [5]], [10, 4, 2, [5, 8, 10, 8], [10, 5, 6, 8, 10]], [[]]], []]
[[], 9, [[], [5, 1, 7], [6, 2, 10], 3], 5] v []
recurse - Comparison.incorrect
Comparison.incorrect
111
[[[1, 4, [], 7]], []] v [[4, [10, 7], [[3], [10, 6, 6], 8, 1, 2], [[4, 1], 6], [2]], [[8, 1, 3, [3, 3, 3], 1]], [[[], [5, 6, 5], [4, 9]], 6, 7]]
[[1, 4, [], 7]] v [4, [10, 7], [[3], [10, 6, 6], 8, 1, 2], [[4, 1], 6], [2]]
[1, 4, [], 7] v [4]
recurse - Comparison.correct
recurse - Comparison.correct
Comparison.correct
112
[[], [5], [0, [6, 9], 6], [[10], [[1, 3, 1], [0, 7, 10, 5]]], [[[8, 1], [], 0, 2, []], [[], 7, 4, [2, 4, 4, 7, 8]], 1, 5, []]] v [[3], [0, 9, 4, [3, [0], 4, [], [10, 3]], 8], [2, 5], [[[9], 9, [0, 3, 4], [1]], 0], [[9]]]
[] v [3]
recurse - Comparison.correct
Comparison.correct
113
[[[[7, 7, 5, 10, 2], [9, 7, 8, 7, 2], [5], 3], [[2, 7, 1, 5, 1], 9, [7, 2, 0, 3, 6], 4, 5], 1, [], [5, []]], [5, [], [0, 2, [4, 5], [2, 3, 10, 1, 9], []], 9], [7, [], [1, [6, 6, 7, 5, 6], 6, [2, 4, 10, 10], 3]]] v [[8, [[9, 2], 8]]]
[[[7, 7, 5, 10, 2], [9, 7, 8, 7, 2], [5], 3], [[2, 7, 1, 5, 1], 9, [7, 2, 0, 3, 6], 4, 5], 1, [], [5, []]] v [8, [[9, 2], 8]]
[[7, 7, 5, 10, 2], [9, 7, 8, 7, 2], [5], 3] v [8]
[7, 7, 5, 10, 2] v [8]
recurse - Comparison.correct
recurse - Comparison.correct
recurse - Comparison.correct
Comparison.correct
114
[[[[], 8], [[], 1, [2, 5, 7, 1, 10], [0, 2, 6], 4], 3, 9]] v [[[[6, 1, 2, 7], [], 1, [3, 5]], 4, 8], [10, 8, 6, 6], [], [7, 2, 0, 5, [3, [8], [10, 6, 6, 5], []]], [[[0, 10, 10, 10, 3]], 2, 2, 0]]
[[[], 8], [[], 1, [2, 5, 7, 1, 10], [0, 2, 6], 4], 3, 9] v [[[6, 1, 2, 7], [], 1, [3, 5]], 4, 8]
[[], 8] v [[6, 1, 2, 7], [], 1, [3, 5]]
[] v [6, 1, 2, 7]
recurse - Comparison.correct
recurse - Comparison.correct
recurse - Comparison.correct
Comparison.correct
115
[[5, 2, 5], [[], [4, [0, 8, 10]], [0, 2, [9, 3, 5, 5]], 0], [], [[2, [5, 9], 4], [9, 8, 6, [9, 9, 10, 9]], [6, [8, 7, 6, 7]], [8, 10]], []] v [[], [5, []], [[10], [[4, 9], 4], [[6, 7], [7, 1, 10, 6], 10]]]
[5, 2, 5] v []
recurse - Comparison.incorrect
Comparison.incorrect
116
[[], [[[], [8]], [3, [1, 3], [3, 7, 0], [7, 2, 0], []]], [[[10, 8, 3, 9, 9], 9, 10, 10], 10], [10, 5, 8], [6, [[10, 2, 6, 9, 5], 1]]] v [[0, [10], [4, 7], [[9, 1, 4]]], [10, [], [0, [], 1, [9, 4, 5]]], [[1], 4, [[5, 10, 10], [8], [4, 1, 7, 0, 1], 10]]]
[] v [0, [10], [4, 7], [[9, 1, 4]]]
recurse - Comparison.correct
Comparison.correct
117
[[], [4], [[[]], 10]] v [[5, [0, 6, [1, 5, 2, 7, 10]], 0]]
[] v [5, [0, 6, [1, 5, 2, 7, 10]], 0]
recurse - Comparison.correct
Comparison.correct
118
[[7, 0, [1, [], 3, 4, 9], [7, [0, 3, 0, 6, 6], [7, 8, 10, 3]], 4], [[[3, 0, 1], [], [5, 4, 3, 6, 4], [6, 0]], 1]] v [[3, [[4]]], [2, [[9, 0], [1, 0], [2], 0, 0], 7, 6, [[], 1, 8, 1]], [2, 7], [[5], 6, [[9, 7, 0, 1, 9], 5, [0, 10, 3], 2], [3, 4]]]
[7, 0, [1, [], 3, 4, 9], [7, [0, 3, 0, 6, 6], [7, 8, 10, 3]], 4] v [3, [[4]]]
recurse - Comparison.incorrect
Comparison.incorrect
119
[[6], [[2, 1, 5]], [[1, 10]], []] v [[7, 1, [[7, 7, 0], [5, 9, 5, 7, 1]]]]
[6] v [7, 1, [[7, 7, 0], [5, 9, 5, 7, 1]]]
recurse - Comparison.correct
Comparison.correct
120
[[[10], [5, [4, 7, 2, 2], [5, 8], [6, 6]], 7, 2], [[[0, 7, 7], [5, 4, 6], 1, 7, [8, 7]]], [6, 6], [9, [], [], 9, 6], [10]] v [[[2, 9, 1, [9, 0, 10, 5]], 6, [[8, 2, 3], [], [3, 7], [7, 8], [4]]]]
[[10], [5, [4, 7, 2, 2], [5, 8], [6, 6]], 7, 2] v [[2, 9, 1, [9, 0, 10, 5]], 6, [[8, 2, 3], [], [3, 7], [7, 8], [4]]]
[10] v [2, 9, 1, [9, 0, 10, 5]]
recurse - Comparison.incorrect
recurse - Comparison.incorrect
Comparison.incorrect
121
[[], [9], [[[4, 8], 1], [0, 1, 2, [], 3], [[4, 2], [3, 1, 8, 3, 3], [5, 4, 2], [4, 8, 9, 10]]], [10, 9]] v [[2, [4], 2, [7, 7, [10], [], [10, 6]]], [[6, 3, [], 2], [4, [3, 4, 10], [7, 8, 5, 6, 0], 5], 8, [3, [1, 9], 6, 4], [3, [6, 5, 7], 4, [5], [9, 5, 6, 6]]]]
[] v [2, [4], 2, [7, 7, [10], [], [10, 6]]]
recurse - Comparison.correct
Comparison.correct
122
[[10, [9, [1, 5], 5, [9, 0, 2, 7], [2]], [[2, 7, 5, 2], 10, [1, 9, 9, 9, 7], []]], [[8, [2], [1, 6, 10, 7, 7]], 9, [[]]]] v [[5, [5]], [], [6], [9, [[5], 6, [3, 6], [4, 9], 7], []]]
[10, [9, [1, 5], 5, [9, 0, 2, 7], [2]], [[2, 7, 5, 2], 10, [1, 9, 9, 9, 7], []]] v [5, [5]]
recurse - Comparison.incorrect
Comparison.incorrect
123
[[1, 10, []]] v [[[], [[5, 3, 2, 6, 7], [], 3, 5, [9, 6]]], [[], 7, 3, []], [[1, 4, [3, 2]], 0, [[5, 5, 1]]]]
[1, 10, []] v [[], [[5, 3, 2, 6, 7], [], 3, 5, [9, 6]]]
[1] v []
recurse - Comparison.incorrect
recurse - Comparison.incorrect
Comparison.incorrect
124
[[[[6], [7], 8], [8, [1, 6, 10, 5, 2], []], 8, [[], []], [[1, 2, 5], 7, [3, 5, 0, 9, 7], 1]]] v [[10], [4, 1, 9], [[5, 9, [7, 0], [2, 8]], [[0, 0], 2, [5]], []], [], [5]]
[[[6], [7], 8], [8, [1, 6, 10, 5, 2], []], 8, [[], []], [[1, 2, 5], 7, [3, 5, 0, 9, 7], 1]] v [10]
[[6], [7], 8] v [10]
[6] v [10]
recurse - Comparison.correct
recurse - Comparison.correct
recurse - Comparison.correct
Comparison.correct
125
[[], [], [[3, [4, 9]], [[9, 6, 3, 0, 0], 5, [5, 9, 0, 2], 9, [6]], [[3, 3, 2, 4], 5, 3]]] v [[6, [2, 1, 4], [10, [2, 4], 2, 1]]]
[] v [6, [2, 1, 4], [10, [2, 4], 2, 1]]
recurse - Comparison.correct
Comparison.correct
126
[[[[], [0], 4, 4, []], [[6, 7, 9, 0, 4]], 2, 0]] v [[8], [4], [7, 8]]
[[[], [0], 4, 4, []], [[6, 7, 9, 0, 4]], 2, 0] v [8]
[[], [0], 4, 4, []] v [8]
[] v [8]
recurse - Comparison.correct
recurse - Comparison.correct
recurse - Comparison.correct
Comparison.correct
127
[[9, [], 3, 2, [[5, 5, 6, 0, 0], [0, 10, 5], [10]]], [[[4, 3, 5], 1, []], [0], []], [[4, [], [9, 3, 8, 10, 4], [2, 0], 3]], [], [7, 1, 8, []]] v [[], [[3, [10], [3, 2], [10, 0, 10, 7, 3]]], [[[]], 6, [9, 1, 8, [5, 2, 5, 10]]], [8, 3, [], [[4, 0, 6], 2, [0, 9], [2, 1, 6, 4], [3, 4, 0, 5]], 2], [[[6, 1, 9, 9]], [10, [5, 10, 2, 9, 10], 9, [0, 9], [7, 2, 4]], [[8, 6, 0], 9], 0]]
[9, [], 3, 2, [[5, 5, 6, 0, 0], [0, 10, 5], [10]]] v []
recurse - Comparison.incorrect
Comparison.incorrect
128
[[8, 7], [[[6, 7], [9, 0]], 2, [], [[1, 6, 6, 4, 9], [3, 3, 0, 8], 5, 4]], [], [10, [], [4, [9, 3]]]] v [[3, [1, [], 6]], [2, [[8, 7, 2, 0], 1], [[10, 6, 8, 9, 3]], 8], [[], [[7, 2, 4, 0, 7], 8, 10, 4, []], [[8, 5], [7, 5], 2], [5], []]]
[8, 7] v [3, [1, [], 6]]
recurse - Comparison.incorrect
Comparison.incorrect
129
[[], [6, [[5, 8, 10, 1, 3], [8], 0, [10, 6, 9, 6, 4]], [[6, 6], 7, 7, [0, 0], 3], 8], [[2, []], 6]] v [[[8, [10, 0, 9, 9], 9], [3, 7, [0], 7]]]
[] v [[8, [10, 0, 9, 9], 9], [3, 7, [0], 7]]
recurse - Comparison.correct
Comparison.correct
130
[[5, 1, 7, [6, 0, [10, 6, 1, 1, 5]], 9], [[10, [1, 1, 1, 8, 7], 7, [4, 0, 1, 10, 5], 10]], [], [[[7, 6], [8, 1, 9, 9, 6], [10, 9, 8]], 7, 1, [], []]] v [[5, 8, 9], [8]]
[5, 1, 7, [6, 0, [10, 6, 1, 1, 5]], 9] v [5, 8, 9]
recurse - Comparison.correct
Comparison.correct
131
[[[4, 1], 8, 6, 5], [5, 4], [[[7], [8, 4, 8], 10, 9, 9]]] v [[], [9, 0], [[6], 4], [[2, 0]]]
[[4, 1], 8, 6, 5] v []
recurse - Comparison.incorrect
Comparison.incorrect
132
[[3, [[2, 0, 2]], 3, [[6, 10, 6, 9]]], []] v [[2, [9], [8, 1, [2], 4, 2], [[4, 9, 9], 5]], [[1, 10], [1], [[1]], 8, 5], [0, [], [9, 2, [6, 1, 8, 6, 1], 7, [9, 0, 5, 5, 0]], [[9, 3, 9], 0, 8, [4, 8], [0, 8, 0, 7]]], [[[9, 4], []], [9], 0, 0], [1, [[], [1, 4]], [9, [9, 0, 5, 9], 1, 8, 7], [8]]]
[3, [[2, 0, 2]], 3, [[6, 10, 6, 9]]] v [2, [9], [8, 1, [2], 4, 2], [[4, 9, 9], 5]]
recurse - Comparison.incorrect
Comparison.incorrect
133
[[1, 6, 8], [], [10, 10, [[1, 7]], [[7, 7, 5, 5]], [[], [2, 10, 4, 6], [0], [9, 2, 2, 3]]], []] v [[5, 10], [4, [[5, 0, 0, 8, 8], 6, 1, 0], [8, 0]], [[4, 1, 10], 5, [10]], [[], 10], []]
[1, 6, 8] v [5, 10]
recurse - Comparison.correct
Comparison.correct
134
[[8, 5], [[3]]] v [[10], [9, 7]]
[8, 5] v [10]
recurse - Comparison.correct
Comparison.correct
135
[[9, 8, [[2, 6], [4, 1, 1, 10], [3, 1, 8, 10], [6, 1, 2, 5]], [10], [[], 0, 0]], [2, [4, 6]]] v [[[6], [], [8, [], 3, 5], [6, [5, 0], 1, [0, 9, 0, 1], [4]]], [[3, 0]], [[8]], [[4], [5, [2], [5, 6, 4, 1, 3]], 5]]
[9, 8, [[2, 6], [4, 1, 1, 10], [3, 1, 8, 10], [6, 1, 2, 5]], [10], [[], 0, 0]] v [[6], [], [8, [], 3, 5], [6, [5, 0], 1, [0, 9, 0, 1], [4]]]
[9] v [6]
recurse - Comparison.incorrect
recurse - Comparison.incorrect
Comparison.incorrect
136
[[5, 1, 0], [1, 3], [[3, 7, 9, [10, 3, 6], [1, 8, 0, 2]]]] v [[6, [6, 9, 1, [], 8], [1, 10, [5, 5, 6], 9, 5]], [8, 2, [[4, 8, 3, 0], 2, 1], 3, 0]]
[5, 1, 0] v [6, [6, 9, 1, [], 8], [1, 10, [5, 5, 6], 9, 5]]
recurse - Comparison.correct
Comparison.correct
137
[[[[7, 3], [0, 5, 3, 4], [8], []], [9, [], 0, [3, 8, 9, 3], 4], [5, [5, 4, 1, 7]]], [3, 5], [[[7, 6, 7, 1, 0], 7, [8, 7, 1, 8], 5, [10, 3, 10, 7, 8]], [7], [0, []], [[1, 8]]]] v [[6, [[], 10, [9, 6, 6, 8], [10], 0], [8, 0], 6], [[[3, 8], [2, 2, 7], 5, 6, [9, 8, 8, 7]]], [[[], 8], 8, [[3, 2, 1], [10, 1, 3, 7, 9]]], [[], 7], [5]]
[[[7, 3], [0, 5, 3, 4], [8], []], [9, [], 0, [3, 8, 9, 3], 4], [5, [5, 4, 1, 7]]] v [6, [[], 10, [9, 6, 6, 8], [10], 0], [8, 0], 6]
[[7, 3], [0, 5, 3, 4], [8], []] v [6]
[7, 3] v [6]
recurse - Comparison.incorrect
recurse - Comparison.incorrect
recurse - Comparison.incorrect
Comparison.incorrect
138
[[], [[[8], 4, 5, [], [1, 5]], 7, 3, 7, 1]] v [[5, 4, [[9, 1], [], 1, 1], 7], [[], 7, 2], [1, 7, [[], 5, [8, 8, 7, 9]], [8, [10, 9, 6, 0, 6], [5, 2, 7, 3, 10], 8]]]
[] v [5, 4, [[9, 1], [], 1, 1], 7]
recurse - Comparison.correct
Comparison.correct
139
[[], [4, 3, 4, 3, []], []] v [[[[], [1, 5, 6, 4], 2, 3, 0], 4, [10, 4, [2, 0]]], [7, [[2, 10], 0, 8, 5], [[3, 3, 7, 4], 3, 0], 10, [4, 10, 4, 9]], [0, [8, [1, 0, 0, 7]], [3]]]
[] v [[[], [1, 5, 6, 4], 2, 3, 0], 4, [10, 4, [2, 0]]]
recurse - Comparison.correct
Comparison.correct
140
[[], [[7, 4, [6, 6]], []], [[8], [], [[9, 5], [7, 8]]], [0, [], 5]] v [[[], 5, [6, [2, 5, 9, 10], 5, [], [0, 8, 0, 3, 3]]], [[10, [1, 8, 6, 10, 2], []]], [[[4, 6, 6, 5, 7], [5, 9, 5], 10, [2], [1, 10]], [2, 7, 0, [7]], [[4], 10, [1, 7, 2], 8]]]
[] v [[], 5, [6, [2, 5, 9, 10], 5, [], [0, 8, 0, 3, 3]]]
recurse - Comparison.correct
Comparison.correct
141
[[10, 8]] v [[[3, 0, [8, 5, 7], 9], 3]]
[10, 8] v [[3, 0, [8, 5, 7], 9], 3]
[10] v [3, 0, [8, 5, 7], 9]
recurse - Comparison.incorrect
recurse - Comparison.incorrect
Comparison.incorrect
142
[[5, 1], [4]] v [[[[]], [], 8, 1, [0, [], 2, 10]], [[8, 8, [], 4], 6, [[9, 10, 4, 0], [1, 0, 5, 1]], 4], [8, 4, [[0, 5, 2, 4], 5, 8]], [[[7, 0, 0, 4, 6]], [0, [3, 7, 9], [5, 9, 2, 7], [9, 4]], 7, 3, [[], [10, 2, 0, 8, 9], 1, 6, 3]], []]
[5, 1] v [[[]], [], 8, 1, [0, [], 2, 10]]
[5] v [[]]
[5] v []
recurse - Comparison.incorrect
recurse - Comparison.incorrect
recurse - Comparison.incorrect
Comparison.incorrect
143
[[[4, [], [8, 7, 0]], 6], [[[0, 7]], [], 10, [[2], [5, 5]], [[6], 1, 4, [2, 6, 3], [6, 1, 6]]]] v [[], [[[9]], [[]]]]
[[4, [], [8, 7, 0]], 6] v []
recurse - Comparison.incorrect
Comparison.incorrect
144
[[[[6, 5, 3, 7, 1], [7, 1], 2, [7, 7, 7]], [2], [8, [3, 8], [5, 3, 8, 4, 6], [3, 4], []]], [[], 2, []], [6, [[], 0, [3, 1, 10, 4], [], 2], 6, 3]] v [[9], [[7, 3, [1, 1]], [[3, 3], 0, 9, [3]]], [[9, 10, [9, 0], [2, 6], 9], 6, 9, 6, 6], [[], [[8, 5, 10, 7]], [[4, 6, 10, 4, 2], [], 1, 3, [10, 10, 1]]]]
[[[6, 5, 3, 7, 1], [7, 1], 2, [7, 7, 7]], [2], [8, [3, 8], [5, 3, 8, 4, 6], [3, 4], []]] v [9]
[[6, 5, 3, 7, 1], [7, 1], 2, [7, 7, 7]] v [9]
[6, 5, 3, 7, 1] v [9]
recurse - Comparison.correct
recurse - Comparison.correct
recurse - Comparison.correct
Comparison.correct
145
[[[], 7, [8, 10, 7, [2, 2, 8, 3], [5]]], [4, [[], 10, [5], [9, 7, 3, 10, 9], [6, 1, 4, 5]]], [[], 4, [9, [], [9], []], 0, [10, 6, 9]], []] v [[9], [[6, [2, 5, 8]], 8], [0, [3, [7, 1, 1], 5, [6, 10, 1, 10], []], 8], [8, [6, 8, [8, 9, 9, 9, 2], 8], 3, 0]]
[[], 7, [8, 10, 7, [2, 2, 8, 3], [5]]] v [9]
[] v [9]
recurse - Comparison.correct
recurse - Comparison.correct
Comparison.correct
146
[[4, [[10, 3, 1, 3], [8, 1, 7], [2, 7, 1, 0, 1], 0], 6, [3]], [9, [3]], [4, 8, 3, 6, [8, 9]], [[], 10, 5]] v [[5, [9, 4, 1, 5, [0, 1, 7, 6]], 1, 3], [8, [3, [8, 4, 9, 1], 6, [5, 9, 2, 1], 1]], [7, [], 9, [8]]]
[4, [[10, 3, 1, 3], [8, 1, 7], [2, 7, 1, 0, 1], 0], 6, [3]] v [5, [9, 4, 1, 5, [0, 1, 7, 6]], 1, 3]
recurse - Comparison.correct
Comparison.correct
147
[[4, 6, 8]] v [[[[3, 2], [6, 2, 8], 0, [], [6, 8]], 6, [5, [9], 2, 1]], [0, 3]]
[4, 6, 8] v [[[3, 2], [6, 2, 8], 0, [], [6, 8]], 6, [5, [9], 2, 1]]
[4] v [[3, 2], [6, 2, 8], 0, [], [6, 8]]
[4] v [3, 2]
recurse - Comparison.incorrect
recurse - Comparison.incorrect
recurse - Comparison.incorrect
Comparison.incorrect
148
[[6, [0, [9], 10, [0, 3, 7]], [7, 8, []], 10]] v [[0], [9, [7]]]
[6, [0, [9], 10, [0, 3, 7]], [7, 8, []], 10] v [0]
recurse - Comparison.incorrect
Comparison.incorrect
149
[[[[10, 2], 10, [5], [7, 2, 4, 9], [2, 5, 3]], 3, [10]]] v [[1, 8, [[0, 6], 8, [2, 6, 4, 0, 5]]]]
[[[10, 2], 10, [5], [7, 2, 4, 9], [2, 5, 3]], 3, [10]] v [1, 8, [[0, 6], 8, [2, 6, 4, 0, 5]]]
[[10, 2], 10, [5], [7, 2, 4, 9], [2, 5, 3]] v [1]
[10, 2] v [1]
recurse - Comparison.incorrect
recurse - Comparison.incorrect
recurse - Comparison.incorrect
Comparison.incorrect
Sum of indices - 5710
Exited
